<?xml version="1.0" encoding="UTF-8"?>
<testng-results skipped="0" failed="0" total="1" passed="1">
  <reporter-output>
  </reporter-output>
  <suite name="Testcheck" duration-ms="20555" started-at="2018-08-01T10:18:48Z" finished-at="2018-08-01T10:19:08Z">
    <groups>
    </groups>
    <test name="Test1" duration-ms="20555" started-at="2018-08-01T10:18:48Z" finished-at="2018-08-01T10:19:08Z">
      <class name="authenticate.Authentic">
        <test-method status="PASS" signature="launchBrowserr()[pri:0, instance:authenticate.Authentic@13afe78]" name="launchBrowserr" duration-ms="19555" started-at="2018-08-01T15:48:48Z" finished-at="2018-08-01T15:49:07Z">
          <reporter-output>
          </reporter-output>
        </test-method> <!-- launchBrowserr -->
        <test-method status="PASS" signature="logout()[pri:0, instance:authenticate.Authentic@13afe78]" name="logout" is-config="true" duration-ms="968" started-at="2018-08-01T15:49:07Z" finished-at="2018-08-01T15:49:08Z">
          <reporter-output>
          </reporter-output>
        </test-method> <!-- logout -->
      </class> <!-- authenticate.Authentic -->
    </test> <!-- Test1 -->
  </suite> <!-- Testcheck -->
</testng-results>
