<?xml version="1.0" encoding="UTF-8"?>
<testng-results skipped="0" failed="0" total="1" passed="1">
  <reporter-output>
  </reporter-output>
  <suite name="Default suite" duration-ms="164" started-at="2018-02-15T17:34:47Z" finished-at="2018-02-15T17:34:47Z">
    <groups>
    </groups>
    <test name="Default test" duration-ms="164" started-at="2018-02-15T17:34:47Z" finished-at="2018-02-15T17:34:47Z">
      <class name="walletHub.RunnerWallethub">
        <test-method status="PASS" signature="wallethubReview()[pri:0, instance:walletHub.RunnerWallethub@196751b]" name="wallethubReview" duration-ms="59" started-at="2018-02-15T23:04:47Z" finished-at="2018-02-15T23:04:47Z">
          <reporter-output>
          </reporter-output>
        </test-method> <!-- wallethubReview -->
      </class> <!-- walletHub.RunnerWallethub -->
    </test> <!-- Default test -->
  </suite> <!-- Default suite -->
</testng-results>
